<?xml version="1.0" encoding="UTF-8"?>
<Site BuildName="(empty)"
	BuildStamp="20250419-1109-Experimental"
	Name="zs-vm"
	Generator="ctest-3.16.3"
	CompilerName="/usr/bin/c++"
	CompilerVersion="9.4.0"
	OSName="Linux"
	Hostname="zs-vm"
	OSRelease="5.15.0-136-generic"
	OSVersion="#147~20.04.1-Ubuntu SMP Wed Mar 19 16:13:14 UTC 2025"
	OSPlatform="x86_64"
	Is64Bits="1"
	VendorString="AuthenticAMD"
	VendorID="Advanced Micro Devices"
	FamilyID="26"
	ModelID="68"
	ProcessorCacheSize="1024"
	NumberOfLogicalCPU="4"
	NumberOfPhysicalCPU="4"
	TotalVirtualMemory="923"
	TotalPhysicalMemory="15954"
	LogicalProcessorsPerPhysical="1"
	ProcessorClockFrequency="3792.88"
	>
	<Testing>
		<StartDateTime>Apr 19 19:09 CST</StartDateTime>
		<StartTestTime>1745060975</StartTestTime>
		<TestList/>
		<EndDateTime>Apr 19 19:09 CST</EndDateTime>
		<EndTestTime>1745060975</EndTestTime>
		<ElapsedMinutes>0</ElapsedMinutes>
	</Testing>
</Site>
