<?xml version="1.0" encoding="UTF-8"?>
<Site BuildName="(empty)"
	BuildStamp="20240726-1154-Experimental"
	Name="zs-vm"
	Generator="ctest-3.16.3"
	CompilerName="/usr/bin/c++"
	CompilerVersion="9.4.0"
	OSName="Linux"
	Hostname="zs-vm"
	OSRelease="5.15.0-116-generic"
	OSVersion="#126~20.04.1-Ubuntu SMP Mon Jul 1 15:40:07 UTC 2024"
	OSPlatform="x86_64"
	Is64Bits="1"
	VendorString="AuthenticAMD"
	VendorID="Advanced Micro Devices"
	FamilyID="25"
	ModelID="80"
	ProcessorCacheSize="512"
	NumberOfLogicalCPU="2"
	NumberOfPhysicalCPU="2"
	TotalVirtualMemory="923"
	TotalPhysicalMemory="12048"
	LogicalProcessorsPerPhysical="1"
	ProcessorClockFrequency="3293.8"
	>
	<Testing>
		<StartDateTime>Jul 26 19:54 CST</StartDateTime>
		<StartTestTime>1721994850</StartTestTime>
		<TestList/>
		<EndDateTime>Jul 26 19:54 CST</EndDateTime>
		<EndTestTime>1721994850</EndTestTime>
		<ElapsedMinutes>0</ElapsedMinutes>
	</Testing>
</Site>
