<?xml version="1.0" encoding="UTF-8"?>
<Site BuildName="(empty)"
	BuildStamp="20250306-1409-Experimental"
	Name="zs-vm"
	Generator="ctest-3.16.3"
	CompilerName="/usr/bin/c++"
	CompilerVersion="9.4.0"
	OSName="Linux"
	Hostname="zs-vm"
	OSRelease="5.15.0-131-generic"
	OSVersion="#141~20.04.1-Ubuntu SMP Thu Jan 16 18:38:51 UTC 2025"
	OSPlatform="x86_64"
	Is64Bits="1"
	VendorString="AuthenticAMD"
	VendorID="Advanced Micro Devices"
	FamilyID="25"
	ModelID="80"
	ProcessorCacheSize="512"
	NumberOfLogicalCPU="4"
	NumberOfPhysicalCPU="4"
	TotalVirtualMemory="923"
	TotalPhysicalMemory="15953"
	LogicalProcessorsPerPhysical="1"
	ProcessorClockFrequency="3293.81"
	>
	<Testing>
		<StartDateTime>Mar 06 22:09 CST</StartDateTime>
		<StartTestTime>1741270190</StartTestTime>
		<TestList/>
		<EndDateTime>Mar 06 22:09 CST</EndDateTime>
		<EndTestTime>1741270190</EndTestTime>
		<ElapsedMinutes>0</ElapsedMinutes>
	</Testing>
</Site>
